# JRE version: OpenJDK Runtime Environment GraalVM CE 22.3.0 (17.0.5+8) (build 17.0.5+8-jvmci-22.3-b08)
# Java VM: OpenJDK 64-Bit Server VM GraalVM CE 22.3.0 (17.0.5+8-jvmci-22.3-b08, mixed mode, sharing, tiered, jvmci, jvmci compiler, compressed oops, compressed class ptrs, parallel gc, linux-amd64)
GC Precious Log:
 CPUs: 8 total, 1 available
 Memory: 1024M
 Large Page Support: Disabled
 NUMA Support: Disabled
 Compressed Oops: Enabled (32-bit)
 Alignments: Space 512K, Generation 512K, Heap 2M
 Heap Min Capacity: 100M
 Heap Initial Capacity: 100M
 Heap Max Capacity: 512M
 Pre-touch: Disabled
 Parallel Workers: 1
Heap:
 PSYoungGen      total 38400K, used 27136K [0x00000000f5580000, 0x00000000f9200000, 0x0000000100000000)
  eden space 27136K, 100% used [0x00000000f5580000,0x00000000f7000000,0x00000000f7000000)
  from space 11264K, 0% used [0x00000000f7000000,0x00000000f7000000,0x00000000f7b00000)
  to   space 15360K, 0% used [0x00000000f8300000,0x00000000f8300000,0x00000000f9200000)
 ParOldGen       total 349696K, used 349695K [0x00000000e0000000, 0x00000000f5580000, 0x00000000f5580000)
  object space 349696K, 99% used [0x00000000e0000000,0x00000000f557fff8,0x00000000f5580000)
 Metaspace       used 54364K, committed 55168K, reserved 1105920K
  class space    used 5461K, committed 5824K, reserved 1048576K
GC Heap History (20 events):
Event: 606.419 GC heap before
{Heap before GC invocations=522 (full 416):
 PSYoungGen      total 38400K, used 27135K [0x00000000f5580000, 0x00000000f9200000, 0x0000000100000000)
  eden space 27136K, 99% used [0x00000000f5580000,0x00000000f6fffff0,0x00000000f7000000)
  from space 11264K, 0% used [0x00000000f7000000,0x00000000f7000000,0x00000000f7b00000)
  to   space 15360K, 0% used [0x00000000f8300000,0x00000000f8300000,0x00000000f9200000)
 ParOldGen       total 349696K, used 349690K [0x00000000e0000000, 0x00000000f5580000, 0x00000000f5580000)
  object space 349696K, 99% used [0x00000000e0000000,0x00000000f557eac0,0x00000000f5580000)
 Metaspace       used 54363K, committed 55168K, reserved 1105920K
  class space    used 5461K, committed 5824K, reserved 1048576K
}
Event: 607.609 GC heap after
{Heap after GC invocations=522 (full 416):
 PSYoungGen      total 42496K, used 27135K [0x00000000f5580000, 0x00000000f9200000, 0x0000000100000000)
  eden space 27136K, 99% used [0x00000000f5580000,0x00000000f6fffff0,0x00000000f7000000)
  from space 15360K, 0% used [0x00000000f8300000,0x00000000f8300000,0x00000000f9200000)
  to   space 11264K, 0% used [0x00000000f7000000,0x00000000f7000000,0x00000000f7b00000)
 ParOldGen       total 349696K, used 349690K [0x00000000e0000000, 0x00000000f5580000, 0x00000000f5580000)
  object space 349696K, 99% used [0x00000000e0000000,0x00000000f557eac0,0x00000000f5580000)
 Metaspace       used 54363K, committed 55168K, reserved 1105920K
  class space    used 5461K, committed 5824K, reserved 1048576K
}
Event: 607.610 GC heap before
{Heap before GC invocations=523 (full 417):
 PSYoungGen      total 42496K, used 27136K [0x00000000f5580000, 0x00000000f9200000, 0x0000000100000000)
  eden space 27136K, 100% used [0x00000000f5580000,0x00000000f7000000,0x00000000f7000000)
  from space 15360K, 0% used [0x00000000f8300000,0x00000000f8300000,0x00000000f9200000)
  to   space 11264K, 0% used [0x00000000f7000000,0x00000000f7000000,0x00000000f7b00000)
 ParOldGen       total 349696K, used 349695K [0x00000000e0000000, 0x00000000f5580000, 0x00000000f5580000)
  object space 349696K, 99% used [0x00000000e0000000,0x00000000f557fde0,0x00000000f5580000)
 Metaspace       used 54363K, committed 55168K, reserved 1105920K
  class space    used 5461K, committed 5824K, reserved 1048576K
}
Event: 608.845 GC heap after
{Heap after GC invocations=523 (full 417):
 PSYoungGen      total 38400K, used 27135K [0x00000000f5580000, 0x00000000f9200000, 0x0000000100000000)
  eden space 27136K, 99% used [0x00000000f5580000,0x00000000f6ffff50,0x00000000f7000000)
  from space 11264K, 0% used [0x00000000f7000000,0x00000000f7000000,0x00000000f7b00000)
  to   space 15360K, 0% used [0x00000000f8300000,0x00000000f8300000,0x00000000f9200000)
 ParOldGen       total 349696K, used 349694K [0x00000000e0000000, 0x00000000f5580000, 0x00000000f5580000)
  object space 349696K, 99% used [0x00000000e0000000,0x00000000f557fbc8,0x00000000f5580000)
 Metaspace       used 54363K, committed 55168K, reserved 1105920K
  class space    used 5461K, committed 5824K, reserved 1048576K
}
Event: 608.894 GC heap before
{Heap before GC invocations=524 (full 418):
 PSYoungGen      total 38400K, used 27136K [0x00000000f5580000, 0x00000000f9200000, 0x0000000100000000)
  eden space 27136K, 100% used [0x00000000f5580000,0x00000000f7000000,0x00000000f7000000)
  from space 11264K, 0% used [0x00000000f7000000,0x00000000f7000000,0x00000000f7b00000)
  to   space 15360K, 0% used [0x00000000f8300000,0x00000000f8300000,0x00000000f9200000)
 ParOldGen       total 349696K, used 349694K [0x00000000e0000000, 0x00000000f5580000, 0x00000000f5580000)
  object space 349696K, 99% used [0x00000000e0000000,0x00000000f557fbc8,0x00000000f5580000)
 Metaspace       used 54363K, committed 55168K, reserved 1105920K
  class space    used 5461K, committed 5824K, reserved 1048576K
}
Event: 610.028 GC heap after
{Heap after GC invocations=524 (full 418):
 PSYoungGen      total 42496K, used 27136K [0x00000000f5580000, 0x00000000f9200000, 0x0000000100000000)
  eden space 27136K, 100% used [0x00000000f5580000,0x00000000f7000000,0x00000000f7000000)
  from space 15360K, 0% used [0x00000000f8300000,0x00000000f8300000,0x00000000f9200000)
  to   space 11264K, 0% used [0x00000000f7000000,0x00000000f7000000,0x00000000f7b00000)
 ParOldGen       total 349696K, used 349694K [0x00000000e0000000, 0x00000000f5580000, 0x00000000f5580000)
  object space 349696K, 99% used [0x00000000e0000000,0x00000000f557fbb0,0x00000000f5580000)
 Metaspace       used 54363K, committed 55168K, reserved 1105920K
  class space    used 5461K, committed 5824K, reserved 1048576K
}
Event: 610.028 GC heap before
{Heap before GC invocations=525 (full 419):
 PSYoungGen      total 42496K, used 27136K [0x00000000f5580000, 0x00000000f9200000, 0x0000000100000000)
  eden space 27136K, 100% used [0x00000000f5580000,0x00000000f7000000,0x00000000f7000000)
  from space 15360K, 0% used [0x00000000f8300000,0x00000000f8300000,0x00000000f9200000)
  to   space 11264K, 0% used [0x00000000f7000000,0x00000000f7000000,0x00000000f7b00000)
 ParOldGen       total 349696K, used 349695K [0x00000000e0000000, 0x00000000f5580000, 0x00000000f5580000)
  object space 349696K, 99% used [0x00000000e0000000,0x00000000f557ff80,0x00000000f5580000)
 Metaspace       used 54364K, committed 55168K, reserved 1105920K
  class space    used 5461K, committed 5824K, reserved 1048576K
}
Event: 611.297 GC heap after
{Heap after GC invocations=525 (full 419):
 PSYoungGen      total 38400K, used 27136K [0x00000000f5580000, 0x00000000f9200000, 0x0000000100000000)
  eden space 27136K, 100% used [0x00000000f5580000,0x00000000f7000000,0x00000000f7000000)
  from space 11264K, 0% used [0x00000000f7000000,0x00000000f7000000,0x00000000f7b00000)
  to   space 15360K, 0% used [0x00000000f8300000,0x00000000f8300000,0x00000000f9200000)
 ParOldGen       total 349696K, used 349695K [0x00000000e0000000, 0x00000000f5580000, 0x00000000f5580000)
  object space 349696K, 99% used [0x00000000e0000000,0x00000000f557fdb8,0x00000000f5580000)
 Metaspace       used 54364K, committed 55168K, reserved 1105920K
  class space    used 5461K, committed 5824K, reserved 1048576K
}
Event: 611.297 GC heap before
{Heap before GC invocations=526 (full 420):
 PSYoungGen      total 38400K, used 27136K [0x00000000f5580000, 0x00000000f9200000, 0x0000000100000000)
  eden space 27136K, 100% used [0x00000000f5580000,0x00000000f7000000,0x00000000f7000000)
  from space 11264K, 0% used [0x00000000f7000000,0x00000000f7000000,0x00000000f7b00000)
  to   space 15360K, 0% used [0x00000000f8300000,0x00000000f8300000,0x00000000f9200000)
 ParOldGen       total 349696K, used 349695K [0x00000000e0000000, 0x00000000f5580000, 0x00000000f5580000)
  object space 349696K, 99% used [0x00000000e0000000,0x00000000f557ff90,0x00000000f5580000)
 Metaspace       used 54364K, committed 55168K, reserved 1105920K
  class space    used 5461K, committed 5824K, reserved 1048576K
}
Event: 612.434 GC heap after
{Heap after GC invocations=526 (full 420):
 PSYoungGen      total 42496K, used 27136K [0x00000000f5580000, 0x00000000f9200000, 0x0000000100000000)
  eden space 27136K, 100% used [0x00000000f5580000,0x00000000f7000000,0x00000000f7000000)
  from space 15360K, 0% used [0x00000000f8300000,0x00000000f8300000,0x00000000f9200000)
  to   space 11264K, 0% used [0x00000000f7000000,0x00000000f7000000,0x00000000f7b00000)
 ParOldGen       total 349696K, used 349695K [0x00000000e0000000, 0x00000000f5580000, 0x00000000f5580000)
  object space 349696K, 99% used [0x00000000e0000000,0x00000000f557fea8,0x00000000f5580000)
 Metaspace       used 54364K, committed 55168K, reserved 1105920K
  class space    used 5461K, committed 5824K, reserved 1048576K
}
Event: 612.435 GC heap before
{Heap before GC invocations=527 (full 421):
 PSYoungGen      total 42496K, used 27136K [0x00000000f5580000, 0x00000000f9200000, 0x0000000100000000)
  eden space 27136K, 100% used [0x00000000f5580000,0x00000000f7000000,0x00000000f7000000)
  from space 15360K, 0% used [0x00000000f8300000,0x00000000f8300000,0x00000000f9200000)
  to   space 11264K, 0% used [0x00000000f7000000,0x00000000f7000000,0x00000000f7b00000)
 ParOldGen       total 349696K, used 349695K [0x00000000e0000000, 0x00000000f5580000, 0x00000000f5580000)
  object space 349696K, 99% used [0x00000000e0000000,0x00000000f557fea8,0x00000000f5580000)
 Metaspace       used 54364K, committed 55168K, reserved 1105920K
  class space    used 5461K, committed 5824K, reserved 1048576K
}
Event: 613.728 GC heap after
{Heap after GC invocations=527 (full 421):
 PSYoungGen      total 38400K, used 27136K [0x00000000f5580000, 0x00000000f9200000, 0x0000000100000000)
  eden space 27136K, 100% used [0x00000000f5580000,0x00000000f7000000,0x00000000f7000000)
  from space 11264K, 0% used [0x00000000f7000000,0x00000000f7000000,0x00000000f7b00000)
  to   space 15360K, 0% used [0x00000000f8300000,0x00000000f8300000,0x00000000f9200000)
 ParOldGen       total 349696K, used 349695K [0x00000000e0000000, 0x00000000f5580000, 0x00000000f5580000)
  object space 349696K, 99% used [0x00000000e0000000,0x00000000f557fea8,0x00000000f5580000)
 Metaspace       used 54364K, committed 55168K, reserved 1105920K
  class space    used 5461K, committed 5824K, reserved 1048576K
}
Event: 613.729 GC heap before
{Heap before GC invocations=528 (full 422):
 PSYoungGen      total 38400K, used 27136K [0x00000000f5580000, 0x00000000f9200000, 0x0000000100000000)
  eden space 27136K, 100% used [0x00000000f5580000,0x00000000f7000000,0x00000000f7000000)
  from space 11264K, 0% used [0x00000000f7000000,0x00000000f7000000,0x00000000f7b00000)
  to   space 15360K, 0% used [0x00000000f8300000,0x00000000f8300000,0x00000000f9200000)
 ParOldGen       total 349696K, used 349695K [0x00000000e0000000, 0x00000000f5580000, 0x00000000f5580000)
  object space 349696K, 99% used [0x00000000e0000000,0x00000000f557fff0,0x00000000f5580000)
 Metaspace       used 54364K, committed 55168K, reserved 1105920K
  class space    used 5461K, committed 5824K, reserved 1048576K
}
Event: 614.944 GC heap after
{Heap after GC invocations=528 (full 422):
 PSYoungGen      total 42496K, used 27135K [0x00000000f5580000, 0x00000000f9200000, 0x0000000100000000)
  eden space 27136K, 99% used [0x00000000f5580000,0x00000000f6ffffe8,0x00000000f7000000)
  from space 15360K, 0% used [0x00000000f8300000,0x00000000f8300000,0x00000000f9200000)
  to   space 11264K, 0% used [0x00000000f7000000,0x00000000f7000000,0x00000000f7b00000)
 ParOldGen       total 349696K, used 349695K [0x00000000e0000000, 0x00000000f5580000, 0x00000000f5580000)
  object space 349696K, 99% used [0x00000000e0000000,0x00000000f557fee0,0x00000000f5580000)
 Metaspace       used 54364K, committed 55168K, reserved 1105920K
  class space    used 5461K, committed 5824K, reserved 1048576K
}
Event: 614.945 GC heap before
{Heap before GC invocations=529 (full 423):
 PSYoungGen      total 42496K, used 27136K [0x00000000f5580000, 0x00000000f9200000, 0x0000000100000000)
  eden space 27136K, 100% used [0x00000000f5580000,0x00000000f7000000,0x00000000f7000000)
  from space 15360K, 0% used [0x00000000f8300000,0x00000000f8300000,0x00000000f9200000)
  to   space 11264K, 0% used [0x00000000f7000000,0x00000000f7000000,0x00000000f7b00000)
 ParOldGen       total 349696K, used 349695K [0x00000000e0000000, 0x00000000f5580000, 0x00000000f5580000)
  object space 349696K, 99% used [0x00000000e0000000,0x00000000f557fee0,0x00000000f5580000)
 Metaspace       used 54364K, committed 55168K, reserved 1105920K
  class space    used 5461K, committed 5824K, reserved 1048576K
}
Event: 616.112 GC heap after
{Heap after GC invocations=529 (full 423):
 PSYoungGen      total 38400K, used 27136K [0x00000000f5580000, 0x00000000f9200000, 0x0000000100000000)
  eden space 27136K, 100% used [0x00000000f5580000,0x00000000f7000000,0x00000000f7000000)
  from space 11264K, 0% used [0x00000000f7000000,0x00000000f7000000,0x00000000f7b00000)
  to   space 15360K, 0% used [0x00000000f8300000,0x00000000f8300000,0x00000000f9200000)
 ParOldGen       total 349696K, used 349695K [0x00000000e0000000, 0x00000000f5580000, 0x00000000f5580000)
  object space 349696K, 99% used [0x00000000e0000000,0x00000000f557fee0,0x00000000f5580000)
 Metaspace       used 54364K, committed 55168K, reserved 1105920K
  class space    used 5461K, committed 5824K, reserved 1048576K
}
Event: 616.112 GC heap before
{Heap before GC invocations=530 (full 424):
 PSYoungGen      total 38400K, used 27136K [0x00000000f5580000, 0x00000000f9200000, 0x0000000100000000)
  eden space 27136K, 100% used [0x00000000f5580000,0x00000000f7000000,0x00000000f7000000)
  from space 11264K, 0% used [0x00000000f7000000,0x00000000f7000000,0x00000000f7b00000)
  to   space 15360K, 0% used [0x00000000f8300000,0x00000000f8300000,0x00000000f9200000)
 ParOldGen       total 349696K, used 349695K [0x00000000e0000000, 0x00000000f5580000, 0x00000000f5580000)
  object space 349696K, 99% used [0x00000000e0000000,0x00000000f557ff40,0x00000000f5580000)
 Metaspace       used 54364K, committed 55168K, reserved 1105920K
  class space    used 5461K, committed 5824K, reserved 1048576K
}
Event: 617.333 GC heap after
{Heap after GC invocations=530 (full 424):
 PSYoungGen      total 42496K, used 27136K [0x00000000f5580000, 0x00000000f9200000, 0x0000000100000000)
  eden space 27136K, 100% used [0x00000000f5580000,0x00000000f7000000,0x00000000f7000000)
  from space 15360K, 0% used [0x00000000f8300000,0x00000000f8300000,0x00000000f9200000)
  to   space 11264K, 0% used [0x00000000f7000000,0x00000000f7000000,0x00000000f7b00000)
 ParOldGen       total 349696K, used 349695K [0x00000000e0000000, 0x00000000f5580000, 0x00000000f5580000)
  object space 349696K, 99% used [0x00000000e0000000,0x00000000f557ff28,0x00000000f5580000)
 Metaspace       used 54364K, committed 55168K, reserved 1105920K
  class space    used 5461K, committed 5824K, reserved 1048576K
}
Event: 617.333 GC heap before
{Heap before GC invocations=531 (full 425):
 PSYoungGen      total 42496K, used 27136K [0x00000000f5580000, 0x00000000f9200000, 0x0000000100000000)
  eden space 27136K, 100% used [0x00000000f5580000,0x00000000f7000000,0x00000000f7000000)
  from space 15360K, 0% used [0x00000000f8300000,0x00000000f8300000,0x00000000f9200000)
  to   space 11264K, 0% used [0x00000000f7000000,0x00000000f7000000,0x00000000f7b00000)
 ParOldGen       total 349696K, used 349695K [0x00000000e0000000, 0x00000000f5580000, 0x00000000f5580000)
  object space 349696K, 99% used [0x00000000e0000000,0x00000000f557ff28,0x00000000f5580000)
 Metaspace       used 54364K, committed 55168K, reserved 1105920K
  class space    used 5461K, committed 5824K, reserved 1048576K
}
Event: 618.508 GC heap after
{Heap after GC invocations=531 (full 425):
 PSYoungGen      total 38400K, used 27136K [0x00000000f5580000, 0x00000000f9200000, 0x0000000100000000)
  eden space 27136K, 100% used [0x00000000f5580000,0x00000000f7000000,0x00000000f7000000)
  from space 11264K, 0% used [0x00000000f7000000,0x00000000f7000000,0x00000000f7b00000)
  to   space 15360K, 0% used [0x00000000f8300000,0x00000000f8300000,0x00000000f9200000)
 ParOldGen       total 349696K, used 349695K [0x00000000e0000000, 0x00000000f5580000, 0x00000000f5580000)
  object space 349696K, 99% used [0x00000000e0000000,0x00000000f557ff28,0x00000000f5580000)
 Metaspace       used 54364K, committed 55168K, reserved 1105920K
  class space    used 5461K, committed 5824K, reserved 1048576K
}

